  Source.cpp
C:\Users\Intrigger\Documents\GitHub\TicTacToeAI\TicTacToeAI\Source.cpp(101,13): warning C4244: инициализация: преобразование "const double" в "float", возможна потеря данных
C:\Users\Intrigger\Documents\GitHub\TicTacToeAI\TicTacToeAI\Source.cpp(115,13): warning C4244: инициализация: преобразование "const double" в "float", возможна потеря данных
C:\Users\Intrigger\Documents\GitHub\TicTacToeAI\TicTacToeAI\Source.cpp(195,8): warning C4244: аргумент: преобразование "__int64" в "int", возможна потеря данных
C:\Users\Intrigger\Documents\GitHub\TicTacToeAI\TicTacToeAI\Source.cpp(214,9): warning C4244: инициализация: преобразование "__int64" в "int", возможна потеря данных
C:\Users\Intrigger\Documents\GitHub\TicTacToeAI\TicTacToeAI\Source.cpp(244,11): warning C4244: аргумент: преобразование "__int64" в "int", возможна потеря данных
C:\Users\Intrigger\Documents\GitHub\TicTacToeAI\TicTacToeAI\Source.cpp(272,12): warning C4244: аргумент: преобразование "time_t" в "unsigned int", возможна потеря данных
C:\Users\Intrigger\Documents\GitHub\TicTacToeAI\TicTacToeAI\Source.cpp(274,13): warning C4244: инициализация: преобразование "double" в "int", возможна потеря данных
C:\Users\Intrigger\Documents\GitHub\TicTacToeAI\TicTacToeAI\Source.cpp(378,41): warning C4305: аргумент: усечение из "double" в "float"
C:\Users\Intrigger\Documents\GitHub\TicTacToeAI\TicTacToeAI\Source.cpp(470,38): warning C4244: аргумент: преобразование "double" в "float", возможна потеря данных
C:\Users\Intrigger\Documents\GitHub\TicTacToeAI\TicTacToeAI\Source.cpp(507,38): warning C4244: аргумент: преобразование "double" в "float", возможна потеря данных
C:\Users\Intrigger\Documents\GitHub\TicTacToeAI\TicTacToeAI\Source.cpp(617,67): warning C4244: аргумент: преобразование "int" в "float", возможна потеря данных
C:\Users\Intrigger\Documents\GitHub\TicTacToeAI\TicTacToeAI\Source.cpp(617,40): warning C4244: аргумент: преобразование "int" в "float", возможна потеря данных
C:\Users\Intrigger\Documents\GitHub\TicTacToeAI\TicTacToeAI\Source.cpp(621,67): warning C4244: аргумент: преобразование "int" в "float", возможна потеря данных
C:\Users\Intrigger\Documents\GitHub\TicTacToeAI\TicTacToeAI\Source.cpp(621,40): warning C4244: аргумент: преобразование "int" в "float", возможна потеря данных
C:\Users\Intrigger\Documents\GitHub\TicTacToeAI\TicTacToeAI\Source.cpp(678,42): warning C4305: аргумент: усечение из "double" в "float"
  Создание кода
  1 of 253 functions ( 0.4%) were compiled, the rest were copied from previous compilation.
    0 functions were new in current compilation
    1 functions had inline decision re-evaluated but remain unchanged
  Создание кода завершено
  TicTacToeAI.vcxproj -> C:\Users\Intrigger\Documents\GitHub\TicTacToeAI\TicTacToeAI\x64\Release\TicTacToeAI.exe
